2025-11-10 11:40:34 [INFO] 🚀 Starting Unified Production Deployment: deploy-20251110-114033
2025-11-10 11:40:34 [INFO] Target: https://ifpa-strategy.vercel.app
2025-11-10 11:40:34 [INFO] Log file: /Users/alexharris/Library/CloudStorage/OneDrive-Perficient,Inc/Perficient/clients/IFPA/ifpa-strategy/dev-opal-ai/my-nextjs-app/logs/deployment-deploy-20251110-114033.log
2025-11-10 11:40:34 [INFO] 🔧 Setting up Vercel authentication...
2025-11-10 11:40:34 [INFO] 🔑 Validating Vercel authentication...
2025-11-10 11:40:38 [SUCCESS] Vercel CLI is authenticated locally
2025-11-10 11:40:38 [INFO] 📄 Loading production environment configuration...
2025-11-10 11:40:39 [INFO] Loading .env.local file (development settings)
2025-11-10 11:40:39 [INFO] 🌍 Validating deployment environment...
2025-11-10 11:40:39 [WARN] NEXT_PUBLIC_BASE_URL appears to be set to localhost
2025-11-10 11:40:39 [INFO] For production, this should be: https://ifpa-strategy.vercel.app
2025-11-10 11:40:39 [INFO] Updated NEXT_PUBLIC_BASE_URL to production URL
2025-11-10 11:40:39 [SUCCESS] Environment validation passed
2025-11-10 11:40:39 [INFO] 📋 Validating Git repository status...
2025-11-10 11:40:39 [INFO] Git validation completed
2025-11-10 11:40:39 [INFO] Branch: main, Commit: 9ecd9d7b
2025-11-10 11:40:39 [INFO] 🔍 Running pre-deployment validation...
2025-11-10 11:40:39 [INFO] Node.js version: v20.9.0
2025-11-10 11:40:40 [INFO] npm version: 10.1.0
2025-11-10 11:40:44 [SUCCESS] Pre-deployment checks passed
2025-11-10 11:40:44 [INFO] 🔨 Building application for production...
2025-11-10 11:40:44 [INFO] Installing dependencies...
2025-11-10 11:42:53 [INFO] Running test suite...
2025-11-10 11:43:19 [ERROR] Tests failed
2025-11-10 11:43:19 [ERROR] Deployment failed. Check log: /Users/alexharris/Library/CloudStorage/OneDrive-Perficient,Inc/Perficient/clients/IFPA/ifpa-strategy/dev-opal-ai/my-nextjs-app/logs/deployment-deploy-20251110-114033.log
2025-11-10 11:43:19 [WARN] Cleaning up after error...
2025-11-10 11:43:19 [INFO] Cleanup completed
